# JRE version: OpenJDK Runtime Environment (11.0.11+9) (build 11.0.11+9-Ubuntu-0ubuntu2.20.04)
# Java VM: OpenJDK 64-Bit Server VM (11.0.11+9-Ubuntu-0ubuntu2.20.04, mixed mode, sharing, tiered, compressed oops, g1 gc, linux-amd64)
Heap:
 garbage-first heap   total 264192K, used 196053K [0x00000000e0000000, 0x0000000100000000)
  region size 1024K, 106 young (108544K), 7 survivors (7168K)
 Metaspace       used 79045K, capacity 81712K, committed 81920K, reserved 325632K
  class space    used 10320K, capacity 11358K, committed 11392K, reserved 253952K
GC Heap History (20 events):
Event: 7,304 GC heap after
{Heap after GC invocations=8 (full 0):
 garbage-first heap   total 264192K, used 25193K [0x00000000e0000000, 0x0000000100000000)
  region size 1024K, 11 young (11264K), 11 survivors (11264K)
 Metaspace       used 31949K, capacity 32761K, committed 32896K, reserved 282624K
  class space    used 4372K, capacity 4699K, committed 4736K, reserved 253952K
}
Event: 7,992 GC heap before
{Heap before GC invocations=8 (full 0):
 garbage-first heap   total 264192K, used 63081K [0x00000000e0000000, 0x0000000100000000)
  region size 1024K, 49 young (50176K), 11 survivors (11264K)
 Metaspace       used 34751K, capacity 35747K, committed 35840K, reserved 284672K
  class space    used 4782K, capacity 5165K, committed 5248K, reserved 253952K
}
Event: 8,034 GC heap after
{Heap after GC invocations=9 (full 0):
 garbage-first heap   total 264192K, used 27928K [0x00000000e0000000, 0x0000000100000000)
  region size 1024K, 12 young (12288K), 12 survivors (12288K)
 Metaspace       used 34751K, capacity 35747K, committed 35840K, reserved 284672K
  class space    used 4782K, capacity 5165K, committed 5248K, reserved 253952K
}
Event: 9,674 GC heap before
{Heap before GC invocations=10 (full 0):
 garbage-first heap   total 264192K, used 106776K [0x00000000e0000000, 0x0000000100000000)
  region size 1024K, 87 young (89088K), 12 survivors (12288K)
 Metaspace       used 39625K, capacity 40816K, committed 41036K, reserved 290816K
  class space    used 5411K, capacity 5913K, committed 6016K, reserved 253952K
}
Event: 9,712 GC heap after
{Heap after GC invocations=11 (full 0):
 garbage-first heap   total 264192K, used 37948K [0x00000000e0000000, 0x0000000100000000)
  region size 1024K, 10 young (10240K), 10 survivors (10240K)
 Metaspace       used 39625K, capacity 40816K, committed 41036K, reserved 290816K
  class space    used 5411K, capacity 5913K, committed 6016K, reserved 253952K
}
Event: 12,307 GC heap before
{Heap before GC invocations=11 (full 0):
 garbage-first heap   total 264192K, used 148540K [0x00000000e0000000, 0x0000000100000000)
  region size 1024K, 118 young (120832K), 10 survivors (10240K)
 Metaspace       used 51977K, capacity 53507K, committed 53580K, reserved 301056K
  class space    used 6899K, capacity 7511K, committed 7552K, reserved 253952K
}
Event: 12,336 GC heap after
{Heap after GC invocations=12 (full 0):
 garbage-first heap   total 264192K, used 46472K [0x00000000e0000000, 0x0000000100000000)
  region size 1024K, 15 young (15360K), 15 survivors (15360K)
 Metaspace       used 51977K, capacity 53507K, committed 53580K, reserved 301056K
  class space    used 6899K, capacity 7511K, committed 7552K, reserved 253952K
}
Event: 15,510 GC heap before
{Heap before GC invocations=12 (full 0):
 garbage-first heap   total 264192K, used 136584K [0x00000000e0000000, 0x0000000100000000)
  region size 1024K, 104 young (106496K), 15 survivors (15360K)
 Metaspace       used 58485K, capacity 60153K, committed 60288K, reserved 307200K
  class space    used 7940K, capacity 8632K, committed 8704K, reserved 253952K
}
Event: 15,588 GC heap after
{Heap after GC invocations=13 (full 0):
 garbage-first heap   total 264192K, used 54278K [0x00000000e0000000, 0x0000000100000000)
  region size 1024K, 16 young (16384K), 16 survivors (16384K)
 Metaspace       used 58485K, capacity 60153K, committed 60288K, reserved 307200K
  class space    used 7940K, capacity 8632K, committed 8704K, reserved 253952K
}
Event: 18,375 GC heap before
{Heap before GC invocations=14 (full 0):
 garbage-first heap   total 264192K, used 166918K [0x00000000e0000000, 0x0000000100000000)
  region size 1024K, 126 young (129024K), 16 survivors (16384K)
 Metaspace       used 65939K, capacity 68341K, committed 68480K, reserved 313344K
  class space    used 9018K, capacity 9946K, committed 9984K, reserved 253952K
}
Event: 18,435 GC heap after
{Heap after GC invocations=15 (full 0):
 garbage-first heap   total 264192K, used 69320K [0x00000000e0000000, 0x0000000100000000)
  region size 1024K, 16 young (16384K), 16 survivors (16384K)
 Metaspace       used 65939K, capacity 68341K, committed 68480K, reserved 313344K
  class space    used 9018K, capacity 9946K, committed 9984K, reserved 253952K
}
Event: 20,749 GC heap before
{Heap before GC invocations=15 (full 0):
 garbage-first heap   total 264192K, used 145096K [0x00000000e0000000, 0x0000000100000000)
  region size 1024K, 91 young (93184K), 16 survivors (16384K)
 Metaspace       used 69476K, capacity 72070K, committed 72320K, reserved 317440K
  class space    used 9493K, capacity 10491K, committed 10496K, reserved 253952K
}
Event: 20,815 GC heap after
{Heap after GC invocations=16 (full 0):
 garbage-first heap   total 264192K, used 77000K [0x00000000e0000000, 0x0000000100000000)
  region size 1024K, 7 young (7168K), 7 survivors (7168K)
 Metaspace       used 69476K, capacity 72070K, committed 72320K, reserved 317440K
  class space    used 9493K, capacity 10491K, committed 10496K, reserved 253952K
}
Event: 23,281 GC heap before
{Heap before GC invocations=16 (full 0):
 garbage-first heap   total 264192K, used 174280K [0x00000000e0000000, 0x0000000100000000)
  region size 1024K, 103 young (105472K), 7 survivors (7168K)
 Metaspace       used 70839K, capacity 73450K, committed 73728K, reserved 317440K
  class space    used 9557K, capacity 10590K, committed 10624K, reserved 253952K
}
Event: 23,330 GC heap after
{Heap after GC invocations=17 (full 0):
 garbage-first heap   total 264192K, used 83144K [0x00000000e0000000, 0x0000000100000000)
  region size 1024K, 13 young (13312K), 13 survivors (13312K)
 Metaspace       used 70839K, capacity 73450K, committed 73728K, reserved 317440K
  class space    used 9557K, capacity 10590K, committed 10624K, reserved 253952K
}
Event: 24,778 GC heap before
{Heap before GC invocations=17 (full 0):
 garbage-first heap   total 264192K, used 182472K [0x00000000e0000000, 0x0000000100000000)
  region size 1024K, 111 young (113664K), 13 survivors (13312K)
 Metaspace       used 71326K, capacity 73928K, committed 73984K, reserved 317440K
  class space    used 9581K, capacity 10623K, committed 10624K, reserved 253952K
}
Event: 24,824 GC heap after
{Heap after GC invocations=18 (full 0):
 garbage-first heap   total 264192K, used 89343K [0x00000000e0000000, 0x0000000100000000)
  region size 1024K, 13 young (13312K), 13 survivors (13312K)
 Metaspace       used 71326K, capacity 73928K, committed 73984K, reserved 317440K
  class space    used 9581K, capacity 10623K, committed 10624K, reserved 253952K
}
Event: 37,085 GC heap before
{Heap before GC invocations=18 (full 0):
 garbage-first heap   total 264192K, used 191743K [0x00000000e0000000, 0x0000000100000000)
  region size 1024K, 112 young (114688K), 13 survivors (13312K)
 Metaspace       used 75874K, capacity 78563K, committed 78976K, reserved 323584K
  class space    used 10126K, capacity 11138K, committed 11264K, reserved 253952K
}
Event: 37,140 GC heap after
{Heap after GC invocations=19 (full 0):
 garbage-first heap   total 264192K, used 94677K [0x00000000e0000000, 0x0000000100000000)
  region size 1024K, 11 young (11264K), 11 survivors (11264K)
 Metaspace       used 75874K, capacity 78563K, committed 78976K, reserved 323584K
  class space    used 10126K, capacity 11138K, committed 11264K, reserved 253952K
}
Event: 3365,686 GC heap before
{Heap before GC invocations=19 (full 0):
 garbage-first heap   total 264192K, used 195029K [0x00000000e0000000, 0x0000000100000000)
  region size 1024K, 110 young (112640K), 11 survivors (11264K)
 Metaspace       used 79045K, capacity 81712K, committed 81920K, reserved 325632K
  class space    used 10320K, capacity 11358K, committed 11392K, reserved 253952K
}

